# JRE version: Java(TM) SE Runtime Environment (8.0_151-b12) (build 1.8.0_151-b12)
# Java VM: Java HotSpot(TM) 64-Bit Server VM (25.151-b12 mixed mode bsd-amd64 compressed oops)
Heap:
 PSYoungGen      total 695808K, used 33944K [0x0000000795580000, 0x00000007c0000000, 0x00000007c0000000)
  eden space 692736K, 4% used [0x0000000795580000,0x00000007976a6040,0x00000007bfa00000)
  from space 3072K, 0% used [0x00000007bfa00000,0x00000007bfa00000,0x00000007bfd00000)
  to   space 3072K, 0% used [0x00000007bfd00000,0x00000007bfd00000,0x00000007c0000000)
 ParOldGen       total 260096K, used 96964K [0x0000000740000000, 0x000000074fe00000, 0x0000000795580000)
  object space 260096K, 37% used [0x0000000740000000,0x0000000745eb1138,0x000000074fe00000)
 Metaspace       used 46213K, capacity 46672K, committed 47232K, reserved 1091584K
  class space    used 5751K, capacity 5895K, committed 6016K, reserved 1048576K
GC Heap History (10 events):
Event: 8131.463 GC heap before
{Heap before GC invocations=31842 (full 15731):
 PSYoungGen      total 695808K, used 32K [0x0000000795580000, 0x00000007bfe00000, 0x00000007c0000000)
  eden space 695296K, 0% used [0x0000000795580000,0x0000000795580000,0x00000007bfc80000)
  from space 512K, 6% used [0x00000007bfd00000,0x00000007bfd08000,0x00000007bfd80000)
  to   space 512K, 0% used [0x00000007bfd80000,0x00000007bfd80000,0x00000007bfe00000)
 ParOldGen       total 260096K, used 91745K [0x0000000740000000, 0x000000074fe00000, 0x0000000795580000)
  object space 260096K, 35% used [0x0000000740000000,0x0000000745998748,0x000000074fe00000)
 Metaspace       used 46213K, capacity 46672K, committed 47232K, reserved 1091584K
  class space    used 5751K, capacity 5895K, committed 6016K, reserved 1048576K
Event: 8131.575 GC heap after
Heap after GC invocations=31842 (full 15731):
 PSYoungGen      total 695808K, used 0K [0x0000000795580000, 0x00000007bfe00000, 0x00000007c0000000)
  eden space 695296K, 0% used [0x0000000795580000,0x0000000795580000,0x00000007bfc80000)
  from space 512K, 0% used [0x00000007bfd00000,0x00000007bfd00000,0x00000007bfd80000)
  to   space 512K, 0% used [0x00000007bfd80000,0x00000007bfd80000,0x00000007bfe00000)
 ParOldGen       total 260096K, used 91704K [0x0000000740000000, 0x000000074fe00000, 0x0000000795580000)
  object space 260096K, 35% used [0x0000000740000000,0x000000074598e398,0x000000074fe00000)
 Metaspace       used 46213K, capacity 46672K, committed 47232K, reserved 1091584K
  class space    used 5751K, capacity 5895K, committed 6016K, reserved 1048576K
}
Event: 8131.960 GC heap before
{Heap before GC invocations=31843 (full 15731):
 PSYoungGen      total 695808K, used 27116K [0x0000000795580000, 0x00000007bfe00000, 0x00000007c0000000)
  eden space 695296K, 3% used [0x0000000795580000,0x0000000796ffb288,0x00000007bfc80000)
  from space 512K, 0% used [0x00000007bfd00000,0x00000007bfd00000,0x00000007bfd80000)
  to   space 512K, 0% used [0x00000007bfd80000,0x00000007bfd80000,0x00000007bfe00000)
 ParOldGen       total 260096K, used 91704K [0x0000000740000000, 0x000000074fe00000, 0x0000000795580000)
  object space 260096K, 35% used [0x0000000740000000,0x000000074598e398,0x000000074fe00000)
 Metaspace       used 46213K, capacity 46672K, committed 47232K, reserved 1091584K
  class space    used 5751K, capacity 5895K, committed 6016K, reserved 1048576K
Event: 8131.969 GC heap after
Heap after GC invocations=31843 (full 15731):
 PSYoungGen      total 693248K, used 512K [0x0000000795580000, 0x00000007c0000000, 0x00000007c0000000)
  eden space 692736K, 0% used [0x0000000795580000,0x0000000795580000,0x00000007bfa00000)
  from space 512K, 100% used [0x00000007bfd80000,0x00000007bfe00000,0x00000007bfe00000)
  to   space 3072K, 0% used [0x00000007bfa00000,0x00000007bfa00000,0x00000007bfd00000)
 ParOldGen       total 260096K, used 98850K [0x0000000740000000, 0x000000074fe00000, 0x0000000795580000)
  object space 260096K, 38% used [0x0000000740000000,0x0000000746088838,0x000000074fe00000)
 Metaspace       used 46213K, capacity 46672K, committed 47232K, reserved 1091584K
  class space    used 5751K, capacity 5895K, committed 6016K, reserved 1048576K
}
Event: 8131.969 GC heap before
{Heap before GC invocations=31844 (full 15732):
 PSYoungGen      total 693248K, used 512K [0x0000000795580000, 0x00000007c0000000, 0x00000007c0000000)
  eden space 692736K, 0% used [0x0000000795580000,0x0000000795580000,0x00000007bfa00000)
  from space 512K, 100% used [0x00000007bfd80000,0x00000007bfe00000,0x00000007bfe00000)
  to   space 3072K, 0% used [0x00000007bfa00000,0x00000007bfa00000,0x00000007bfd00000)
 ParOldGen       total 260096K, used 98850K [0x0000000740000000, 0x000000074fe00000, 0x0000000795580000)
  object space 260096K, 38% used [0x0000000740000000,0x0000000746088838,0x000000074fe00000)
 Metaspace       used 46213K, capacity 46672K, committed 47232K, reserved 1091584K
  class space    used 5751K, capacity 5895K, committed 6016K, reserved 1048576K
Event: 8132.115 GC heap after
Heap after GC invocations=31844 (full 15732):
 PSYoungGen      total 693248K, used 0K [0x0000000795580000, 0x00000007c0000000, 0x00000007c0000000)
  eden space 692736K, 0% used [0x0000000795580000,0x0000000795580000,0x00000007bfa00000)
  from space 512K, 0% used [0x00000007bfd80000,0x00000007bfd80000,0x00000007bfe00000)
  to   space 3072K, 0% used [0x00000007bfa00000,0x00000007bfa00000,0x00000007bfd00000)
 ParOldGen       total 260096K, used 98661K [0x0000000740000000, 0x000000074fe00000, 0x0000000795580000)
  object space 260096K, 37% used [0x0000000740000000,0x00000007460595e0,0x000000074fe00000)
 Metaspace       used 46213K, capacity 46672K, committed 47232K, reserved 1091584K
  class space    used 5751K, capacity 5895K, committed 6016K, reserved 1048576K
}
Event: 8132.462 GC heap before
{Heap before GC invocations=31845 (full 15732):
 PSYoungGen      total 693248K, used 20089K [0x0000000795580000, 0x00000007c0000000, 0x00000007c0000000)
  eden space 692736K, 2% used [0x0000000795580000,0x000000079691e560,0x00000007bfa00000)
  from space 512K, 0% used [0x00000007bfd80000,0x00000007bfd80000,0x00000007bfe00000)
  to   space 3072K, 0% used [0x00000007bfa00000,0x00000007bfa00000,0x00000007bfd00000)
 ParOldGen       total 260096K, used 98661K [0x0000000740000000, 0x000000074fe00000, 0x0000000795580000)
  object space 260096K, 37% used [0x0000000740000000,0x00000007460595e0,0x000000074fe00000)
 Metaspace       used 46213K, capacity 46672K, committed 47232K, reserved 1091584K
  class space    used 5751K, capacity 5895K, committed 6016K, reserved 1048576K
Event: 8132.466 GC heap after
Heap after GC invocations=31845 (full 15732):
 PSYoungGen      total 695808K, used 160K [0x0000000795580000, 0x00000007c0000000, 0x00000007c0000000)
  eden space 692736K, 0% used [0x0000000795580000,0x0000000795580000,0x00000007bfa00000)
  from space 3072K, 5% used [0x00000007bfa00000,0x00000007bfa28000,0x00000007bfd00000)
  to   space 3072K, 0% used [0x00000007bfd00000,0x00000007bfd00000,0x00000007c0000000)
 ParOldGen       total 260096K, used 98661K [0x0000000740000000, 0x000000074fe00000, 0x0000000795580000)
  object space 260096K, 37% used [0x0000000740000000,0x00000007460595e0,0x000000074fe00000)
 Metaspace       used 46213K, capacity 46672K, committed 47232K, reserved 1091584K
  class space    used 5751K, capacity 5895K, committed 6016K, reserved 1048576K
}
Event: 8132.466 GC heap before
{Heap before GC invocations=31846 (full 15733):
 PSYoungGen      total 695808K, used 160K [0x0000000795580000, 0x00000007c0000000, 0x00000007c0000000)
  eden space 692736K, 0% used [0x0000000795580000,0x0000000795580000,0x00000007bfa00000)
  from space 3072K, 5% used [0x00000007bfa00000,0x00000007bfa28000,0x00000007bfd00000)
  to   space 3072K, 0% used [0x00000007bfd00000,0x00000007bfd00000,0x00000007c0000000)
 ParOldGen       total 260096K, used 98661K [0x0000000740000000, 0x000000074fe00000, 0x0000000795580000)
  object space 260096K, 37% used [0x0000000740000000,0x00000007460595e0,0x000000074fe00000)
 Metaspace       used 46213K, capacity 46672K, committed 47232K, reserved 1091584K
  class space    used 5751K, capacity 5895K, committed 6016K, reserved 1048576K
Event: 8132.679 GC heap after
Heap after GC invocations=31846 (full 15733):
 PSYoungGen      total 695808K, used 0K [0x0000000795580000, 0x00000007c0000000, 0x00000007c0000000)
  eden space 692736K, 0% used [0x0000000795580000,0x0000000795580000,0x00000007bfa00000)
  from space 3072K, 0% used [0x00000007bfa00000,0x00000007bfa00000,0x00000007bfd00000)
  to   space 3072K, 0% used [0x00000007bfd00000,0x00000007bfd00000,0x00000007c0000000)
 ParOldGen       total 260096K, used 96964K [0x0000000740000000, 0x000000074fe00000, 0x0000000795580000)
  object space 260096K, 37% used [0x0000000740000000,0x0000000745eb1138,0x000000074fe00000)
 Metaspace       used 46213K, capacity 46672K, committed 47232K, reserved 1091584K
  class space    used 5751K, capacity 5895K, committed 6016K, reserved 1048576K
}

