# JRE version: Java(TM) SE Runtime Environment (8.0_151-b12) (build 1.8.0_151-b12)
# Java VM: Java HotSpot(TM) 64-Bit Server VM (25.151-b12 mixed mode bsd-amd64 compressed oops)
Heap:
 PSYoungGen      total 691200K, used 28736K [0x0000000795580000, 0x00000007bfa00000, 0x00000007c0000000)
  eden space 689664K, 4% used [0x0000000795580000,0x0000000797190080,0x00000007bf700000)
  from space 1536K, 0% used [0x00000007bf880000,0x00000007bf880000,0x00000007bfa00000)
  to   space 1536K, 0% used [0x00000007bf700000,0x00000007bf700000,0x00000007bf880000)
 ParOldGen       total 285184K, used 160369K [0x0000000740000000, 0x0000000751680000, 0x0000000795580000)
  object space 285184K, 56% used [0x0000000740000000,0x0000000749c9c560,0x0000000751680000)
 Metaspace       used 47495K, capacity 48026K, committed 48256K, reserved 1091584K
  class space    used 5818K, capacity 5982K, committed 6016K, reserved 1048576K
GC Heap History (10 events):
Event: 15068.976 GC heap before
{Heap before GC invocations=58560 (full 28702):
 PSYoungGen      total 690688K, used 160K [0x0000000795580000, 0x00000007bfa00000, 0x00000007c0000000)
  eden space 689664K, 0% used [0x0000000795580000,0x0000000795580000,0x00000007bf700000)
  from space 1024K, 15% used [0x00000007bf900000,0x00000007bf928000,0x00000007bfa00000)
  to   space 1536K, 0% used [0x00000007bf700000,0x00000007bf700000,0x00000007bf880000)
 ParOldGen       total 285184K, used 160622K [0x0000000740000000, 0x0000000751680000, 0x0000000795580000)
  object space 285184K, 56% used [0x0000000740000000,0x0000000749cdb830,0x0000000751680000)
 Metaspace       used 47495K, capacity 48026K, committed 48256K, reserved 1091584K
  class space    used 5818K, capacity 5982K, committed 6016K, reserved 1048576K
Event: 15069.108 GC heap after
Heap after GC invocations=58560 (full 28702):
 PSYoungGen      total 690688K, used 0K [0x0000000795580000, 0x00000007bfa00000, 0x00000007c0000000)
  eden space 689664K, 0% used [0x0000000795580000,0x0000000795580000,0x00000007bf700000)
  from space 1024K, 0% used [0x00000007bf900000,0x00000007bf900000,0x00000007bfa00000)
  to   space 1536K, 0% used [0x00000007bf700000,0x00000007bf700000,0x00000007bf880000)
 ParOldGen       total 285184K, used 160622K [0x0000000740000000, 0x0000000751680000, 0x0000000795580000)
  object space 285184K, 56% used [0x0000000740000000,0x0000000749cdb878,0x0000000751680000)
 Metaspace       used 47495K, capacity 48026K, committed 48256K, reserved 1091584K
  class space    used 5818K, capacity 5982K, committed 6016K, reserved 1048576K
}
Event: 15069.475 GC heap before
{Heap before GC invocations=58561 (full 28702):
 PSYoungGen      total 690688K, used 40230K [0x0000000795580000, 0x00000007bfa00000, 0x00000007c0000000)
  eden space 689664K, 5% used [0x0000000795580000,0x0000000797cc99c0,0x00000007bf700000)
  from space 1024K, 0% used [0x00000007bf900000,0x00000007bf900000,0x00000007bfa00000)
  to   space 1536K, 0% used [0x00000007bf700000,0x00000007bf700000,0x00000007bf880000)
 ParOldGen       total 285184K, used 160622K [0x0000000740000000, 0x0000000751680000, 0x0000000795580000)
  object space 285184K, 56% used [0x0000000740000000,0x0000000749cdb878,0x0000000751680000)
 Metaspace       used 47495K, capacity 48026K, committed 48256K, reserved 1091584K
  class space    used 5818K, capacity 5982K, committed 6016K, reserved 1048576K
Event: 15069.479 GC heap after
Heap after GC invocations=58561 (full 28702):
 PSYoungGen      total 691200K, used 192K [0x0000000795580000, 0x00000007bfa00000, 0x00000007c0000000)
  eden space 689664K, 0% used [0x0000000795580000,0x0000000795580000,0x00000007bf700000)
  from space 1536K, 12% used [0x00000007bf700000,0x00000007bf730000,0x00000007bf880000)
  to   space 1536K, 0% used [0x00000007bf880000,0x00000007bf880000,0x00000007bfa00000)
 ParOldGen       total 285184K, used 160622K [0x0000000740000000, 0x0000000751680000, 0x0000000795580000)
  object space 285184K, 56% used [0x0000000740000000,0x0000000749cdb878,0x0000000751680000)
 Metaspace       used 47495K, capacity 48026K, committed 48256K, reserved 1091584K
  class space    used 5818K, capacity 5982K, committed 6016K, reserved 1048576K
}
Event: 15069.479 GC heap before
{Heap before GC invocations=58562 (full 28703):
 PSYoungGen      total 691200K, used 192K [0x0000000795580000, 0x00000007bfa00000, 0x00000007c0000000)
  eden space 689664K, 0% used [0x0000000795580000,0x0000000795580000,0x00000007bf700000)
  from space 1536K, 12% used [0x00000007bf700000,0x00000007bf730000,0x00000007bf880000)
  to   space 1536K, 0% used [0x00000007bf880000,0x00000007bf880000,0x00000007bfa00000)
 ParOldGen       total 285184K, used 160622K [0x0000000740000000, 0x0000000751680000, 0x0000000795580000)
  object space 285184K, 56% used [0x0000000740000000,0x0000000749cdb878,0x0000000751680000)
 Metaspace       used 47495K, capacity 48026K, committed 48256K, reserved 1091584K
  class space    used 5818K, capacity 5982K, committed 6016K, reserved 1048576K
Event: 15069.618 GC heap after
Heap after GC invocations=58562 (full 28703):
 PSYoungGen      total 691200K, used 0K [0x0000000795580000, 0x00000007bfa00000, 0x00000007c0000000)
  eden space 689664K, 0% used [0x0000000795580000,0x0000000795580000,0x00000007bf700000)
  from space 1536K, 0% used [0x00000007bf700000,0x00000007bf700000,0x00000007bf880000)
  to   space 1536K, 0% used [0x00000007bf880000,0x00000007bf880000,0x00000007bfa00000)
 ParOldGen       total 285184K, used 160649K [0x0000000740000000, 0x0000000751680000, 0x0000000795580000)
  object space 285184K, 56% used [0x0000000740000000,0x0000000749ce25a0,0x0000000751680000)
 Metaspace       used 47495K, capacity 48026K, committed 48256K, reserved 1091584K
  class space    used 5818K, capacity 5982K, committed 6016K, reserved 1048576K
}
Event: 15069.976 GC heap before
{Heap before GC invocations=58563 (full 28703):
 PSYoungGen      total 691200K, used 40230K [0x0000000795580000, 0x00000007bfa00000, 0x00000007c0000000)
  eden space 689664K, 5% used [0x0000000795580000,0x0000000797cc99c0,0x00000007bf700000)
  from space 1536K, 0% used [0x00000007bf700000,0x00000007bf700000,0x00000007bf880000)
  to   space 1536K, 0% used [0x00000007bf880000,0x00000007bf880000,0x00000007bfa00000)
 ParOldGen       total 285184K, used 160649K [0x0000000740000000, 0x0000000751680000, 0x0000000795580000)
  object space 285184K, 56% used [0x0000000740000000,0x0000000749ce25a0,0x0000000751680000)
 Metaspace       used 47495K, capacity 48026K, committed 48256K, reserved 1091584K
  class space    used 5818K, capacity 5982K, committed 6016K, reserved 1048576K
Event: 15069.980 GC heap after
Heap after GC invocations=58563 (full 28703):
 PSYoungGen      total 691200K, used 160K [0x0000000795580000, 0x00000007bfa00000, 0x00000007c0000000)
  eden space 689664K, 0% used [0x0000000795580000,0x0000000795580000,0x00000007bf700000)
  from space 1536K, 10% used [0x00000007bf880000,0x00000007bf8a8000,0x00000007bfa00000)
  to   space 1536K, 0% used [0x00000007bf700000,0x00000007bf700000,0x00000007bf880000)
 ParOldGen       total 285184K, used 160649K [0x0000000740000000, 0x0000000751680000, 0x0000000795580000)
  object space 285184K, 56% used [0x0000000740000000,0x0000000749ce25a0,0x0000000751680000)
 Metaspace       used 47495K, capacity 48026K, committed 48256K, reserved 1091584K
  class space    used 5818K, capacity 5982K, committed 6016K, reserved 1048576K
}
Event: 15069.980 GC heap before
{Heap before GC invocations=58564 (full 28704):
 PSYoungGen      total 691200K, used 160K [0x0000000795580000, 0x00000007bfa00000, 0x00000007c0000000)
  eden space 689664K, 0% used [0x0000000795580000,0x0000000795580000,0x00000007bf700000)
  from space 1536K, 10% used [0x00000007bf880000,0x00000007bf8a8000,0x00000007bfa00000)
  to   space 1536K, 0% used [0x00000007bf700000,0x00000007bf700000,0x00000007bf880000)
 ParOldGen       total 285184K, used 160649K [0x0000000740000000, 0x0000000751680000, 0x0000000795580000)
  object space 285184K, 56% used [0x0000000740000000,0x0000000749ce25a0,0x0000000751680000)
 Metaspace       used 47495K, capacity 48026K, committed 48256K, reserved 1091584K
  class space    used 5818K, capacity 5982K, committed 6016K, reserved 1048576K
Event: 15070.157 GC heap after
Heap after GC invocations=58564 (full 28704):
 PSYoungGen      total 691200K, used 0K [0x0000000795580000, 0x00000007bfa00000, 0x00000007c0000000)
  eden space 689664K, 0% used [0x0000000795580000,0x0000000795580000,0x00000007bf700000)
  from space 1536K, 0% used [0x00000007bf880000,0x00000007bf880000,0x00000007bfa00000)
  to   space 1536K, 0% used [0x00000007bf700000,0x00000007bf700000,0x00000007bf880000)
 ParOldGen       total 285184K, used 160369K [0x0000000740000000, 0x0000000751680000, 0x0000000795580000)
  object space 285184K, 56% used [0x0000000740000000,0x0000000749c9c560,0x0000000751680000)
 Metaspace       used 47495K, capacity 48026K, committed 48256K, reserved 1091584K
  class space    used 5818K, capacity 5982K, committed 6016K, reserved 1048576K
}

